[     841ms] [ERROR] Unexpected hydration error Minified React error #418; visit https://react.dev/errors/418?args[]=HTML&args[]= for the full message or use the non-minified dev environment for full errors and additional helpful warnings. 
    at Suspense (<anonymous>)
    at _ (https://s1-e.pinimg.com/webapp/99474-970a3f06ce09793c.mjs:1:47642)
    at tg (https://s1-e.pinimg.com/webapp/www/_client-834c7d9cf170a55c.mjs:290:70988)
    at tJ (https://s1-e.pinimg.com/webapp/www/_client-834c7d9cf170a55c.mjs:290:77351)
    at t2 (https://s1-e.pinimg.com/webapp/www/_client-834c7d9cf170a55c.mjs:290:80029)
    at lq (https://s1-e.pinimg.com/webapp/www/_client-834c7d9cf170a55c.mjs:329:94336)
    at rootComponent (https://s1-e.pinimg.com/webapp/www/_client-834c7d9cf170a55c.mjs:329:359324)
    at _1 (https://s1-e.pinimg.com/webapp/www/_client-834c7d9cf170a55c.mjs:329:315347)
    at Suspense (<anonymous>)
    at u (https://s1-e.pinimg.com/webapp/94146-11a9723568842f8b.mjs:1:1452)
    at _2 (https://s1-e.pinimg.com/webapp/www/_client-834c7d9cf170a55c.mjs:329:315577)
    at t_ (https://s1-e.pinimg.com/webapp/vendor-react-aacabe10c4aaf058.mjs:14:6356)
    at tU (https://s1-e.pinimg.com/webapp/vendor-react-aacabe10c4aaf058.mjs:14:13218)
    at _0 (https://s1-e.pinimg.com/webapp/www/_client-834c7d9cf170a55c.mjs:329:314740)
    at A (https://s1-e.pinimg.com/webapp/www/_client-834c7d9cf170a55c.mjs:329:360182)
    at l (https://s1-e.pinimg.com/webapp/33926-163043b85079f95d.mjs:2:13077)
    at https://s1-e.pinimg.com/webapp/vendor-react-aacabe10c4aaf058.mjs:9:69108
    at _4 (https://s1-e.pinimg.com/webapp/www/_client-834c7d9cf170a55c.mjs:329:315828)
    at t_ (https://s1-e.pinimg.com/webapp/vendor-react-aacabe10c4aaf058.mjs:14:6356)
    at tq (https://s1-e.pinimg.com/webapp/vendor-react-aacabe10c4aaf058.mjs:14:14417)
    at s (https://s1-e.pinimg.com/webapp/96664-803f06daeda6b016.mjs:206:67514)
    at _ (https://s1-e.pinimg.com/webapp/25611-503a7acee43ab384.mjs:4:2673)
    at _3 (https://s1-e.pinimg.com/webapp/www/_client-834c7d9cf170a55c.mjs:329:316204)
    at t_ (https://s1-e.pinimg.com/webapp/vendor-react-aacabe10c4aaf058.mjs:14:6356)
    at tm (https://s1-e.pinimg.com/webapp/vendor-react-aacabe10c4aaf058.mjs:14:4339)
    at https://s1-e.pinimg.com/webapp/vendor-react-aacabe10c4aaf058.mjs:14:12507
    at tj (https://s1-e.pinimg.com/webapp/vendor-react-aacabe10c4aaf058.mjs:14:13495)
    at tL (https://s1-e.pinimg.com/webapp/vendor-react-aacabe10c4aaf058.mjs:14:8882)
    at Suspense (<anonymous>) @ https://s1-e.pinimg.com/webapp/www/_client-834c7d9cf170a55c.mjs:328
[     880ms] [WARNING] [GSI_LOGGER]: Your client application uses one of the Google One Tap prompt UI status methods that may stop functioning when FedCM becomes mandatory. Refer to the migration guide to update your code accordingly and opt-in to FedCM to test your changes. Learn more: https://developers.google.com/identity/gsi/web/guides/fedcm-migration?s=dc#display_moment and https://developers.google.com/identity/gsi/web/guides/fedcm-migration?s=dc#skipped_moment @ https://accounts.google.com/gsi/client?hl=en:84
[     885ms] [ERROR] Not signed in with the identity provider. @ https://www.pinterest.com/search/pins/?q=pendulum%20wave%20kinetic%20sculpture:0
[     993ms] [ERROR] Failed to load resource: the server responded with a status of 401 () @ https://www.pinterest.com/resource/ApiResource/get/?source_url=%2Fsearch%2Fpins%2F%3Fq%3Dpendulum%2520wave%2520kinetic%2520sculpture&data=%7B%22options%22%3A%7B%22url%22%3A%22%2Fv3%2Fpins%2F%2F%22%2C%22data%22%3A%7B%22fields%22%3A%5B%22pin.images%5B236x%5D%22%2C%22pin.is_unsafe%22%2C%22pin.image_signature%22%5D%7D%7D%2C%22context%22%3A%7B%7D%7D&_=1776991947783:0
[    2664ms] [ERROR] Failed to load resource: net::ERR_CERT_AUTHORITY_INVALID @ https://securepubads.g.doubleclick.net/tag/js/gpt.js:0
[    4567ms] [WARNING] The resource https://i.pinimg.com/236x/4c/3b/52/4c3b527e8b013affa87aa14e700334e9.jpg was preloaded using link preload but not used within a few seconds from the window's load event. Please make sure it has an appropriate `as` value and it is preloaded intentionally. @ https://www.pinterest.com/search/pins/?q=pendulum%20wave%20kinetic%20sculpture:0
[    4567ms] [WARNING] The resource https://i.pinimg.com/236x/b2/28/73/b22873192972c8b7f8ae35ed4d1a16ea.jpg was preloaded using link preload but not used within a few seconds from the window's load event. Please make sure it has an appropriate `as` value and it is preloaded intentionally. @ https://www.pinterest.com/search/pins/?q=pendulum%20wave%20kinetic%20sculpture:0
[    4567ms] [WARNING] The resource https://i.pinimg.com/236x/1d/97/9a/1d979a50ff69525b29d7f0387cb7b625.jpg was preloaded using link preload but not used within a few seconds from the window's load event. Please make sure it has an appropriate `as` value and it is preloaded intentionally. @ https://www.pinterest.com/search/pins/?q=pendulum%20wave%20kinetic%20sculpture:0
[    4567ms] [WARNING] The resource https://i.pinimg.com/236x/0b/fb/46/0bfb466ecfe8c438b798266b4a03f560.jpg was preloaded using link preload but not used within a few seconds from the window's load event. Please make sure it has an appropriate `as` value and it is preloaded intentionally. @ https://www.pinterest.com/search/pins/?q=pendulum%20wave%20kinetic%20sculpture:0
[    4567ms] [WARNING] The resource https://i.pinimg.com/236x/9c/40/42/9c4042b27ab13fd510554e7407edf10d.jpg was preloaded using link preload but not used within a few seconds from the window's load event. Please make sure it has an appropriate `as` value and it is preloaded intentionally. @ https://www.pinterest.com/search/pins/?q=pendulum%20wave%20kinetic%20sculpture:0
[    4567ms] [WARNING] The resource https://i.pinimg.com/236x/c6/25/7e/c6257ea57f5809ddf811819355e30a0a.jpg was preloaded using link preload but not used within a few seconds from the window's load event. Please make sure it has an appropriate `as` value and it is preloaded intentionally. @ https://www.pinterest.com/search/pins/?q=pendulum%20wave%20kinetic%20sculpture:0
[    4567ms] [WARNING] The resource https://i.pinimg.com/236x/fc/cb/74/fccb7438b1358fa6c55bc9a58365e61a.jpg was preloaded using link preload but not used within a few seconds from the window's load event. Please make sure it has an appropriate `as` value and it is preloaded intentionally. @ https://www.pinterest.com/search/pins/?q=pendulum%20wave%20kinetic%20sculpture:0
[    4567ms] [WARNING] The resource https://i.pinimg.com/236x/19/45/0b/19450b0d64b1a6dfd467f502dbc47baf.jpg was preloaded using link preload but not used within a few seconds from the window's load event. Please make sure it has an appropriate `as` value and it is preloaded intentionally. @ https://www.pinterest.com/search/pins/?q=pendulum%20wave%20kinetic%20sculpture:0
[    4567ms] [WARNING] The resource https://i.pinimg.com/236x/06/e2/5f/06e25fbc1e9f0481ee7f1af9fa805903.jpg was preloaded using link preload but not used within a few seconds from the window's load event. Please make sure it has an appropriate `as` value and it is preloaded intentionally. @ https://www.pinterest.com/search/pins/?q=pendulum%20wave%20kinetic%20sculpture:0
[    4567ms] [WARNING] The resource https://i.pinimg.com/236x/dc/45/25/dc4525dec16415bb6e10ad72cac46a4c.jpg was preloaded using link preload but not used within a few seconds from the window's load event. Please make sure it has an appropriate `as` value and it is preloaded intentionally. @ https://www.pinterest.com/search/pins/?q=pendulum%20wave%20kinetic%20sculpture:0
[    4567ms] [WARNING] The resource https://i.pinimg.com/236x/a4/6d/13/a46d13fe4c2636508d1b2ec02743a535.jpg was preloaded using link preload but not used within a few seconds from the window's load event. Please make sure it has an appropriate `as` value and it is preloaded intentionally. @ https://www.pinterest.com/search/pins/?q=pendulum%20wave%20kinetic%20sculpture:0
[    4567ms] [WARNING] The resource https://i.pinimg.com/236x/55/a4/e1/55a4e137c680cf7c83ee66eaf45ffe77.jpg was preloaded using link preload but not used within a few seconds from the window's load event. Please make sure it has an appropriate `as` value and it is preloaded intentionally. @ https://www.pinterest.com/search/pins/?q=pendulum%20wave%20kinetic%20sculpture:0
[    4567ms] [WARNING] The resource https://i.pinimg.com/236x/15/89/65/15896551b667755dcb2a72cc828157ba.jpg was preloaded using link preload but not used within a few seconds from the window's load event. Please make sure it has an appropriate `as` value and it is preloaded intentionally. @ https://www.pinterest.com/search/pins/?q=pendulum%20wave%20kinetic%20sculpture:0
[    4567ms] [WARNING] The resource https://i.pinimg.com/236x/29/3e/5e/293e5e5dbda1457d69cef84255da4023.jpg was preloaded using link preload but not used within a few seconds from the window's load event. Please make sure it has an appropriate `as` value and it is preloaded intentionally. @ https://www.pinterest.com/search/pins/?q=pendulum%20wave%20kinetic%20sculpture:0
[    4567ms] [WARNING] The resource https://i.pinimg.com/236x/cc/27/73/cc2773255693315e1edb65a7277c74d2.jpg was preloaded using link preload but not used within a few seconds from the window's load event. Please make sure it has an appropriate `as` value and it is preloaded intentionally. @ https://www.pinterest.com/search/pins/?q=pendulum%20wave%20kinetic%20sculpture:0
[    4567ms] [WARNING] The resource https://i.pinimg.com/236x/a9/bb/d8/a9bbd8f50a9b60602a9d8e91ac6247dd.jpg was preloaded using link preload but not used within a few seconds from the window's load event. Please make sure it has an appropriate `as` value and it is preloaded intentionally. @ https://www.pinterest.com/search/pins/?q=pendulum%20wave%20kinetic%20sculpture:0
[    4567ms] [WARNING] The resource https://i.pinimg.com/236x/6a/9c/fc/6a9cfcc4e4297c661401f4989c485240.jpg was preloaded using link preload but not used within a few seconds from the window's load event. Please make sure it has an appropriate `as` value and it is preloaded intentionally. @ https://www.pinterest.com/search/pins/?q=pendulum%20wave%20kinetic%20sculpture:0
[    4567ms] [WARNING] The resource https://i.pinimg.com/236x/a2/4c/00/a24c0025776d85d140de9e7fb20222a0.jpg was preloaded using link preload but not used within a few seconds from the window's load event. Please make sure it has an appropriate `as` value and it is preloaded intentionally. @ https://www.pinterest.com/search/pins/?q=pendulum%20wave%20kinetic%20sculpture:0
[    4567ms] [WARNING] The resource https://i.pinimg.com/236x/d4/78/77/d47877d894b0508d6c36e516f1d8c4f4.jpg was preloaded using link preload but not used within a few seconds from the window's load event. Please make sure it has an appropriate `as` value and it is preloaded intentionally. @ https://www.pinterest.com/search/pins/?q=pendulum%20wave%20kinetic%20sculpture:0
[    4567ms] [WARNING] The resource https://i.pinimg.com/236x/22/58/0f/22580f34c2ffb635e3b53d942e058945.jpg was preloaded using link preload but not used within a few seconds from the window's load event. Please make sure it has an appropriate `as` value and it is preloaded intentionally. @ https://www.pinterest.com/search/pins/?q=pendulum%20wave%20kinetic%20sculpture:0
[    4567ms] [WARNING] The resource https://i.pinimg.com/236x/4b/f8/ee/4bf8eed1a2d8278c78101c0adce978c8.jpg was preloaded using link preload but not used within a few seconds from the window's load event. Please make sure it has an appropriate `as` value and it is preloaded intentionally. @ https://www.pinterest.com/search/pins/?q=pendulum%20wave%20kinetic%20sculpture:0
[    4567ms] [WARNING] The resource https://i.pinimg.com/236x/3a/a0/18/3aa018377401f73eba0c0e271457120e.jpg was preloaded using link preload but not used within a few seconds from the window's load event. Please make sure it has an appropriate `as` value and it is preloaded intentionally. @ https://www.pinterest.com/search/pins/?q=pendulum%20wave%20kinetic%20sculpture:0
[    4567ms] [WARNING] The resource https://i.pinimg.com/236x/3f/36/f7/3f36f79e7cff4c67ce433fd0e95955aa.jpg was preloaded using link preload but not used within a few seconds from the window's load event. Please make sure it has an appropriate `as` value and it is preloaded intentionally. @ https://www.pinterest.com/search/pins/?q=pendulum%20wave%20kinetic%20sculpture:0
[    4567ms] [WARNING] The resource https://i.pinimg.com/236x/98/23/6f/98236f7bfbfe8cecedac389e5aa5d6f8.jpg was preloaded using link preload but not used within a few seconds from the window's load event. Please make sure it has an appropriate `as` value and it is preloaded intentionally. @ https://www.pinterest.com/search/pins/?q=pendulum%20wave%20kinetic%20sculpture:0
[    4567ms] [WARNING] The resource https://i.pinimg.com/236x/78/3a/ea/783aeaccc664853f7a91de1bfa2525f0.jpg was preloaded using link preload but not used within a few seconds from the window's load event. Please make sure it has an appropriate `as` value and it is preloaded intentionally. @ https://www.pinterest.com/search/pins/?q=pendulum%20wave%20kinetic%20sculpture:0
[    5483ms] [ERROR] [GSI_LOGGER]: FedCM get() rejects with NetworkError: Error retrieving a token. @ https://accounts.google.com/gsi/client?hl=en:85
[    9839ms] [WARNING] The resource https://i.pinimg.com/236x/4c/3b/52/4c3b527e8b013affa87aa14e700334e9.jpg was preloaded using link preload but not used within a few seconds from the window's load event. Please make sure it has an appropriate `as` value and it is preloaded intentionally. @ https://www.pinterest.com/search/pins/?q=pendulum%20wave%20kinetic%20sculpture:0
[    9839ms] [WARNING] The resource https://i.pinimg.com/236x/a2/4c/00/a24c0025776d85d140de9e7fb20222a0.jpg was preloaded using link preload but not used within a few seconds from the window's load event. Please make sure it has an appropriate `as` value and it is preloaded intentionally. @ https://www.pinterest.com/search/pins/?q=pendulum%20wave%20kinetic%20sculpture:0
[    9839ms] [WARNING] The resource https://i.pinimg.com/236x/d4/78/77/d47877d894b0508d6c36e516f1d8c4f4.jpg was preloaded using link preload but not used within a few seconds from the window's load event. Please make sure it has an appropriate `as` value and it is preloaded intentionally. @ https://www.pinterest.com/search/pins/?q=pendulum%20wave%20kinetic%20sculpture:0
[    9839ms] [WARNING] The resource https://i.pinimg.com/236x/0b/fb/46/0bfb466ecfe8c438b798266b4a03f560.jpg was preloaded using link preload but not used within a few seconds from the window's load event. Please make sure it has an appropriate `as` value and it is preloaded intentionally. @ https://www.pinterest.com/search/pins/?q=pendulum%20wave%20kinetic%20sculpture:0
[    9839ms] [WARNING] The resource https://i.pinimg.com/236x/4b/f8/ee/4bf8eed1a2d8278c78101c0adce978c8.jpg was preloaded using link preload but not used within a few seconds from the window's load event. Please make sure it has an appropriate `as` value and it is preloaded intentionally. @ https://www.pinterest.com/search/pins/?q=pendulum%20wave%20kinetic%20sculpture:0
[    9839ms] [WARNING] The resource https://i.pinimg.com/236x/9c/40/42/9c4042b27ab13fd510554e7407edf10d.jpg was preloaded using link preload but not used within a few seconds from the window's load event. Please make sure it has an appropriate `as` value and it is preloaded intentionally. @ https://www.pinterest.com/search/pins/?q=pendulum%20wave%20kinetic%20sculpture:0
[    9839ms] [WARNING] The resource https://i.pinimg.com/236x/c6/25/7e/c6257ea57f5809ddf811819355e30a0a.jpg was preloaded using link preload but not used within a few seconds from the window's load event. Please make sure it has an appropriate `as` value and it is preloaded intentionally. @ https://www.pinterest.com/search/pins/?q=pendulum%20wave%20kinetic%20sculpture:0
[    9839ms] [WARNING] The resource https://i.pinimg.com/236x/3a/a0/18/3aa018377401f73eba0c0e271457120e.jpg was preloaded using link preload but not used within a few seconds from the window's load event. Please make sure it has an appropriate `as` value and it is preloaded intentionally. @ https://www.pinterest.com/search/pins/?q=pendulum%20wave%20kinetic%20sculpture:0
[    9839ms] [WARNING] The resource https://i.pinimg.com/236x/19/45/0b/19450b0d64b1a6dfd467f502dbc47baf.jpg was preloaded using link preload but not used within a few seconds from the window's load event. Please make sure it has an appropriate `as` value and it is preloaded intentionally. @ https://www.pinterest.com/search/pins/?q=pendulum%20wave%20kinetic%20sculpture:0
[    9839ms] [WARNING] The resource https://i.pinimg.com/236x/3f/36/f7/3f36f79e7cff4c67ce433fd0e95955aa.jpg was preloaded using link preload but not used within a few seconds from the window's load event. Please make sure it has an appropriate `as` value and it is preloaded intentionally. @ https://www.pinterest.com/search/pins/?q=pendulum%20wave%20kinetic%20sculpture:0
[    9839ms] [WARNING] The resource https://i.pinimg.com/236x/98/23/6f/98236f7bfbfe8cecedac389e5aa5d6f8.jpg was preloaded using link preload but not used within a few seconds from the window's load event. Please make sure it has an appropriate `as` value and it is preloaded intentionally. @ https://www.pinterest.com/search/pins/?q=pendulum%20wave%20kinetic%20sculpture:0
[    9839ms] [WARNING] The resource https://i.pinimg.com/236x/a4/6d/13/a46d13fe4c2636508d1b2ec02743a535.jpg was preloaded using link preload but not used within a few seconds from the window's load event. Please make sure it has an appropriate `as` value and it is preloaded intentionally. @ https://www.pinterest.com/search/pins/?q=pendulum%20wave%20kinetic%20sculpture:0
[    9839ms] [WARNING] The resource https://i.pinimg.com/236x/15/89/65/15896551b667755dcb2a72cc828157ba.jpg was preloaded using link preload but not used within a few seconds from the window's load event. Please make sure it has an appropriate `as` value and it is preloaded intentionally. @ https://www.pinterest.com/search/pins/?q=pendulum%20wave%20kinetic%20sculpture:0
[    9839ms] [WARNING] The resource https://i.pinimg.com/236x/29/3e/5e/293e5e5dbda1457d69cef84255da4023.jpg was preloaded using link preload but not used within a few seconds from the window's load event. Please make sure it has an appropriate `as` value and it is preloaded intentionally. @ https://www.pinterest.com/search/pins/?q=pendulum%20wave%20kinetic%20sculpture:0
[    9839ms] [WARNING] The resource https://i.pinimg.com/236x/cc/27/73/cc2773255693315e1edb65a7277c74d2.jpg was preloaded using link preload but not used within a few seconds from the window's load event. Please make sure it has an appropriate `as` value and it is preloaded intentionally. @ https://www.pinterest.com/search/pins/?q=pendulum%20wave%20kinetic%20sculpture:0
[    9839ms] [WARNING] The resource https://i.pinimg.com/236x/a9/bb/d8/a9bbd8f50a9b60602a9d8e91ac6247dd.jpg was preloaded using link preload but not used within a few seconds from the window's load event. Please make sure it has an appropriate `as` value and it is preloaded intentionally. @ https://www.pinterest.com/search/pins/?q=pendulum%20wave%20kinetic%20sculpture:0
[   16873ms] [WARNING] The resource https://i.pinimg.com/236x/4c/3b/52/4c3b527e8b013affa87aa14e700334e9.jpg was preloaded using link preload but not used within a few seconds from the window's load event. Please make sure it has an appropriate `as` value and it is preloaded intentionally. @ https://www.pinterest.com/search/pins/?q=pendulum%20wave%20kinetic%20sculpture:0
[   16873ms] [WARNING] The resource https://i.pinimg.com/236x/a2/4c/00/a24c0025776d85d140de9e7fb20222a0.jpg was preloaded using link preload but not used within a few seconds from the window's load event. Please make sure it has an appropriate `as` value and it is preloaded intentionally. @ https://www.pinterest.com/search/pins/?q=pendulum%20wave%20kinetic%20sculpture:0
[   16873ms] [WARNING] The resource https://i.pinimg.com/236x/d4/78/77/d47877d894b0508d6c36e516f1d8c4f4.jpg was preloaded using link preload but not used within a few seconds from the window's load event. Please make sure it has an appropriate `as` value and it is preloaded intentionally. @ https://www.pinterest.com/search/pins/?q=pendulum%20wave%20kinetic%20sculpture:0
[   16873ms] [WARNING] The resource https://i.pinimg.com/236x/0b/fb/46/0bfb466ecfe8c438b798266b4a03f560.jpg was preloaded using link preload but not used within a few seconds from the window's load event. Please make sure it has an appropriate `as` value and it is preloaded intentionally. @ https://www.pinterest.com/search/pins/?q=pendulum%20wave%20kinetic%20sculpture:0
[   16873ms] [WARNING] The resource https://i.pinimg.com/236x/4b/f8/ee/4bf8eed1a2d8278c78101c0adce978c8.jpg was preloaded using link preload but not used within a few seconds from the window's load event. Please make sure it has an appropriate `as` value and it is preloaded intentionally. @ https://www.pinterest.com/search/pins/?q=pendulum%20wave%20kinetic%20sculpture:0
[   16873ms] [WARNING] The resource https://i.pinimg.com/236x/9c/40/42/9c4042b27ab13fd510554e7407edf10d.jpg was preloaded using link preload but not used within a few seconds from the window's load event. Please make sure it has an appropriate `as` value and it is preloaded intentionally. @ https://www.pinterest.com/search/pins/?q=pendulum%20wave%20kinetic%20sculpture:0
[   16873ms] [WARNING] The resource https://i.pinimg.com/236x/c6/25/7e/c6257ea57f5809ddf811819355e30a0a.jpg was preloaded using link preload but not used within a few seconds from the window's load event. Please make sure it has an appropriate `as` value and it is preloaded intentionally. @ https://www.pinterest.com/search/pins/?q=pendulum%20wave%20kinetic%20sculpture:0
[   16873ms] [WARNING] The resource https://i.pinimg.com/236x/3a/a0/18/3aa018377401f73eba0c0e271457120e.jpg was preloaded using link preload but not used within a few seconds from the window's load event. Please make sure it has an appropriate `as` value and it is preloaded intentionally. @ https://www.pinterest.com/search/pins/?q=pendulum%20wave%20kinetic%20sculpture:0
[   16873ms] [WARNING] The resource https://i.pinimg.com/236x/19/45/0b/19450b0d64b1a6dfd467f502dbc47baf.jpg was preloaded using link preload but not used within a few seconds from the window's load event. Please make sure it has an appropriate `as` value and it is preloaded intentionally. @ https://www.pinterest.com/search/pins/?q=pendulum%20wave%20kinetic%20sculpture:0
[   16873ms] [WARNING] The resource https://i.pinimg.com/236x/3f/36/f7/3f36f79e7cff4c67ce433fd0e95955aa.jpg was preloaded using link preload but not used within a few seconds from the window's load event. Please make sure it has an appropriate `as` value and it is preloaded intentionally. @ https://www.pinterest.com/search/pins/?q=pendulum%20wave%20kinetic%20sculpture:0
[   16873ms] [WARNING] The resource https://i.pinimg.com/236x/98/23/6f/98236f7bfbfe8cecedac389e5aa5d6f8.jpg was preloaded using link preload but not used within a few seconds from the window's load event. Please make sure it has an appropriate `as` value and it is preloaded intentionally. @ https://www.pinterest.com/search/pins/?q=pendulum%20wave%20kinetic%20sculpture:0
[   16873ms] [WARNING] The resource https://i.pinimg.com/236x/a4/6d/13/a46d13fe4c2636508d1b2ec02743a535.jpg was preloaded using link preload but not used within a few seconds from the window's load event. Please make sure it has an appropriate `as` value and it is preloaded intentionally. @ https://www.pinterest.com/search/pins/?q=pendulum%20wave%20kinetic%20sculpture:0
[   16873ms] [WARNING] The resource https://i.pinimg.com/236x/15/89/65/15896551b667755dcb2a72cc828157ba.jpg was preloaded using link preload but not used within a few seconds from the window's load event. Please make sure it has an appropriate `as` value and it is preloaded intentionally. @ https://www.pinterest.com/search/pins/?q=pendulum%20wave%20kinetic%20sculpture:0
[   16873ms] [WARNING] The resource https://i.pinimg.com/236x/29/3e/5e/293e5e5dbda1457d69cef84255da4023.jpg was preloaded using link preload but not used within a few seconds from the window's load event. Please make sure it has an appropriate `as` value and it is preloaded intentionally. @ https://www.pinterest.com/search/pins/?q=pendulum%20wave%20kinetic%20sculpture:0
[   16873ms] [WARNING] The resource https://i.pinimg.com/236x/cc/27/73/cc2773255693315e1edb65a7277c74d2.jpg was preloaded using link preload but not used within a few seconds from the window's load event. Please make sure it has an appropriate `as` value and it is preloaded intentionally. @ https://www.pinterest.com/search/pins/?q=pendulum%20wave%20kinetic%20sculpture:0
[   16873ms] [WARNING] The resource https://i.pinimg.com/236x/a9/bb/d8/a9bbd8f50a9b60602a9d8e91ac6247dd.jpg was preloaded using link preload but not used within a few seconds from the window's load event. Please make sure it has an appropriate `as` value and it is preloaded intentionally. @ https://www.pinterest.com/search/pins/?q=pendulum%20wave%20kinetic%20sculpture:0
