[     772ms] [ERROR] Unexpected hydration error Minified React error #418; visit https://react.dev/errors/418?args[]=HTML&args[]= for the full message or use the non-minified dev environment for full errors and additional helpful warnings. 
    at Suspense (<anonymous>)
    at _ (https://s1-e.pinimg.com/webapp/99474-970a3f06ce09793c.mjs:1:47642)
    at tg (https://s1-e.pinimg.com/webapp/www/_client-834c7d9cf170a55c.mjs:290:70988)
    at tJ (https://s1-e.pinimg.com/webapp/www/_client-834c7d9cf170a55c.mjs:290:77351)
    at t2 (https://s1-e.pinimg.com/webapp/www/_client-834c7d9cf170a55c.mjs:290:80029)
    at lq (https://s1-e.pinimg.com/webapp/www/_client-834c7d9cf170a55c.mjs:329:94336)
    at rootComponent (https://s1-e.pinimg.com/webapp/www/_client-834c7d9cf170a55c.mjs:329:359324)
    at _1 (https://s1-e.pinimg.com/webapp/www/_client-834c7d9cf170a55c.mjs:329:315347)
    at Suspense (<anonymous>)
    at u (https://s1-e.pinimg.com/webapp/94146-11a9723568842f8b.mjs:1:1452)
    at _2 (https://s1-e.pinimg.com/webapp/www/_client-834c7d9cf170a55c.mjs:329:315577)
    at t_ (https://s1-e.pinimg.com/webapp/vendor-react-aacabe10c4aaf058.mjs:14:6356)
    at tU (https://s1-e.pinimg.com/webapp/vendor-react-aacabe10c4aaf058.mjs:14:13218)
    at _0 (https://s1-e.pinimg.com/webapp/www/_client-834c7d9cf170a55c.mjs:329:314740)
    at A (https://s1-e.pinimg.com/webapp/www/_client-834c7d9cf170a55c.mjs:329:360182)
    at l (https://s1-e.pinimg.com/webapp/33926-163043b85079f95d.mjs:2:13077)
    at https://s1-e.pinimg.com/webapp/vendor-react-aacabe10c4aaf058.mjs:9:69108
    at _4 (https://s1-e.pinimg.com/webapp/www/_client-834c7d9cf170a55c.mjs:329:315828)
    at t_ (https://s1-e.pinimg.com/webapp/vendor-react-aacabe10c4aaf058.mjs:14:6356)
    at tq (https://s1-e.pinimg.com/webapp/vendor-react-aacabe10c4aaf058.mjs:14:14417)
    at s (https://s1-e.pinimg.com/webapp/96664-803f06daeda6b016.mjs:206:67514)
    at _ (https://s1-e.pinimg.com/webapp/25611-503a7acee43ab384.mjs:4:2673)
    at _3 (https://s1-e.pinimg.com/webapp/www/_client-834c7d9cf170a55c.mjs:329:316204)
    at t_ (https://s1-e.pinimg.com/webapp/vendor-react-aacabe10c4aaf058.mjs:14:6356)
    at tm (https://s1-e.pinimg.com/webapp/vendor-react-aacabe10c4aaf058.mjs:14:4339)
    at https://s1-e.pinimg.com/webapp/vendor-react-aacabe10c4aaf058.mjs:14:12507
    at tj (https://s1-e.pinimg.com/webapp/vendor-react-aacabe10c4aaf058.mjs:14:13495)
    at tL (https://s1-e.pinimg.com/webapp/vendor-react-aacabe10c4aaf058.mjs:14:8882)
    at Suspense (<anonymous>) @ https://s1-e.pinimg.com/webapp/www/_client-834c7d9cf170a55c.mjs:328
[     824ms] [WARNING] [GSI_LOGGER]: Your client application uses one of the Google One Tap prompt UI status methods that may stop functioning when FedCM becomes mandatory. Refer to the migration guide to update your code accordingly and opt-in to FedCM to test your changes. Learn more: https://developers.google.com/identity/gsi/web/guides/fedcm-migration?s=dc#display_moment and https://developers.google.com/identity/gsi/web/guides/fedcm-migration?s=dc#skipped_moment @ https://accounts.google.com/gsi/client?hl=en:84
[     830ms] [ERROR] Not signed in with the identity provider. @ https://www.pinterest.com/search/pins/?q=energy%20state%20visualization%20breathing%20animation%20subtle:0
[     888ms] [ERROR] Failed to load resource: the server responded with a status of 401 () @ https://www.pinterest.com/resource/ApiResource/get/?source_url=%2Fsearch%2Fpins%2F%3Fq%3Denergy%2520state%2520visualization%2520breathing%2520animation%2520subtle&data=%7B%22options%22%3A%7B%22url%22%3A%22%2Fv3%2Fpins%2F%2F%22%2C%22data%22%3A%7B%22fields%22%3A%5B%22pin.images%5B236x%5D%22%2C%22pin.is_unsafe%22%2C%22pin.image_signature%22%5D%7D%7D%2C%22context%22%3A%7B%7D%7D&_=1776988566021:0
[    2630ms] [ERROR] Failed to load resource: net::ERR_CERT_AUTHORITY_INVALID @ https://securepubads.g.doubleclick.net/tag/js/gpt.js:0
[    7753ms] [ERROR] [GSI_LOGGER]: FedCM get() rejects with NetworkError: Error retrieving a token. @ https://accounts.google.com/gsi/client?hl=en:85
